-305.15 1739538354
+159.79 1739538354
+319.58 1739538354
+159.79 1739538354
-2991.15 1739538354
-8010.95 1739538354
-29894.07 1739538354
+21788.90 1739538354
+12817.00 1739538354
+2307.06 1739538354
+1025.36 1739538354
-82.98 1739538354
+148.76 1739538354
-430.79 1739538354
+249.21 1739538354
+996.84 1739538354
+249.21 1739538354
+249.21 1739538354
-5583.42 1739538354
-156.91 1739538354
-4736.97 1739538354
-23629.35 1739538354
-2157.83 1739538354
+384.09 1739538354
+11168.00 1739538354
+14295.04 1739538354
+1920.45 1739538354
+413.76 1739538354
+12954.88 1739538354
+103.44 1739538354
+155.16 1739538354
+7594.24 1739538354
+446.72 1739538354
+893.44 1739538354
+893.44 1739538354
-2435.56 1739538354
-170.86 1739538354
-126.23 1739538354
+559.58 1739538354
+279.79 1739538354
-3938.39 1739538354
+180.96 1739538354
+3908.40 1739538354
+3419.85 1739538354
+279.79 1739538354
+488.55 1739538354
+488.55 1739538354
-4187.92 1739538355
-2132.17 1739538355
-8030.42 1739538355
-10620.13 1739538355
-20201.57 1739538355
-70504.16 1739538355
-257205.08 1739538355
-4998.03 1739538355
-7029.76 1739538355
-1257.88 1739538355
+2736.96 1739538355
+14656.50 1739538355
+4396.95 1739538355
+330960.40 1739538355
+1026.36 1739538355
+1954.20 1739538355
+27980.80 1739538355
+488.55 1739538355
+19236.80 1739538355
+1748.80 1739538355
+78258.80 1739538355
+1311.60 1739538355
+437.20 1739538355
+13553.20 1739538355
+1748.80 1739538355
+874.40 1739538355
-5729.16 1739538355
-5883.30 1739538355
+15950.55 1739538355
+10633.70 1739538355
