2025-02-14 19:12:11 [root] SU root
2025-02-14 19:12:11 [root] SELECT 978-1-972437-83-4
2025-02-14 19:12:11 [root] MODIFY
2025-02-14 19:12:11 [root] SELECT 978-1-972437-83-4
2025-02-14 19:12:11 [root] MODIFY
2025-02-14 19:12:11 [root] PASSWD root
2025-02-14 19:12:11 [root] IMPORT 7
2025-02-14 19:12:11 [root] PASSWD root
2025-02-14 19:12:11 [root] IMPORT 3
2025-02-14 19:12:11 [root] IMPORT 20
2025-02-14 19:12:11 [root] USERADD UIrD
2025-02-14 19:12:11 [root] LOGOUT
2025-02-14 19:12:11 [UIrD] SU UIrD
2025-02-14 19:12:11 [UIrD] LOGOUT
2025-02-14 19:12:11 [root] SU root
2025-02-14 19:12:11 [root] SELECT 978-0-346-59823-2
2025-02-14 19:12:11 [root] MODIFY
2025-02-14 19:12:11 [root] DELETE UIrD
2025-02-14 19:12:11 [root] USERADD 7oIKBlyCuw97mLQ6
2025-02-14 19:12:11 [root] USERADD LKwFjGp3YmltgCD9q0uS5B4najrne8
2025-02-14 19:12:11 [root] USERADD OUaToSqhk
2025-02-14 19:12:11 [root] IMPORT 1
2025-02-14 19:12:11 [root] SELECT 978-1-261-59338-8
2025-02-14 19:12:11 [root] MODIFY
2025-02-14 19:12:11 [root] DELETE OUaToSqhk
2025-02-14 19:12:11 [root] SELECT 978-0-88211-570-2
2025-02-14 19:12:11 [root] MODIFY
2025-02-14 19:12:11 [root] SELECT 978-0-346-59823-2
2025-02-14 19:12:11 [root] MODIFY
2025-02-14 19:12:11 [root] IMPORT 19
2025-02-14 19:12:11 [root] USERADD JVCr45Vfw9
2025-02-14 19:12:11 [root] USERADD nkIt8LYyGrMvDX
2025-02-14 19:12:11 [root] USERADD YUIZW1qcYKCM
2025-02-14 19:12:11 [root] SELECT 978-1-4693-2357-2
2025-02-14 19:12:11 [root] MODIFY
2025-02-14 19:12:11 [root] LOGOUT
2025-02-14 19:12:11 [Guest] REGISTER zSHHShLY1OI8rEPSK_DQNwXO
2025-02-14 19:12:11 [root] SU root
2025-02-14 19:12:11 [root] LOGOUT
2025-02-14 19:12:11 [7oIKBlyCuw97mLQ6] SU 7oIKBlyCuw97mLQ6
2025-02-14 19:12:11 [7oIKBlyCuw97mLQ6] SELECT 978-1-57076-066-2
2025-02-14 19:12:11 [7oIKBlyCuw97mLQ6] MODIFY
2025-02-14 19:12:11 [7oIKBlyCuw97mLQ6] IMPORT 2
2025-02-14 19:12:11 [7oIKBlyCuw97mLQ6] USERADD 9Ar_ezr
2025-02-14 19:12:11 [7oIKBlyCuw97mLQ6] LOGOUT
2025-02-14 19:12:11 [Guest] REGISTER OsotwBv5yNn_S8DfZAdOMed
2025-02-14 19:12:11 [Guest] REGISTER gYW6zwXhseF88tagFjIdgkSI2Sy
2025-02-14 19:12:11 [Guest] REGISTER RIX8FIqAkafjPS93y6_Sc4uOz
2025-02-14 19:12:11 [9Ar_ezr] SU 9Ar_ezr
2025-02-14 19:12:11 [9Ar_ezr] BUY 978-1-57076-066-2
